Start testing: Nov 01 14:36 CET
----------------------------------------------------------
1/1 Testing: Ex_Neurons
1/1 Test: Ex_Neurons
Command: "/home/lguertle/myfiles/Programmation/ProgBa3/Ex_Neurons/NeuronNet/build/test_neurons"
Directory: /home/lguertle/myfiles/Programmation/ProgBa3/Ex_Neurons/NeuronNet/build
"Ex_Neurons" start time: Nov 01 14:36 CET
Output:
----------------------------------------------------------
[==========] Running 5 tests from 3 test cases.
[----------] Global test environment set-up.
[----------] 1 test from simulationTest
[ RUN      ] simulationTest.parse
[       OK ] simulationTest.parse (0 ms)
[----------] 1 test from simulationTest (0 ms total)

[----------] 2 tests from neuronTest
[ RUN      ] neuronTest.initialize
[       OK ] neuronTest.initialize (0 ms)
[ RUN      ] neuronTest.step
[       OK ] neuronTest.step (0 ms)
[----------] 2 tests from neuronTest (0 ms total)

[----------] 2 tests from networkTest
[ RUN      ] networkTest.initialize
[       OK ] networkTest.initialize (1 ms)
[ RUN      ] networkTest.connect
[       OK ] networkTest.connect (5 ms)
[----------] 2 tests from networkTest (6 ms total)

[----------] Global test environment tear-down
[==========] 5 tests from 3 test cases ran. (6 ms total)
[  PASSED  ] 5 tests.
<end of output>
Test time =   0.02 sec
----------------------------------------------------------
Test Passed.
"Ex_Neurons" end time: Nov 01 14:36 CET
"Ex_Neurons" time elapsed: 00:00:00
----------------------------------------------------------

End testing: Nov 01 14:36 CET
